<?xml version="1.0" encoding="UTF-8"?>
<testng-results skipped="0" failed="0" ignored="0" total="1" passed="1">
  <reporter-output>
  </reporter-output>
  <suite name="Default suite" duration-ms="6765" started-at="2018-12-29T15:59:21Z" finished-at="2018-12-29T15:59:27Z">
    <groups>
    </groups>
    <test name="Default test" duration-ms="6765" started-at="2018-12-29T15:59:21Z" finished-at="2018-12-29T15:59:27Z">
      <class name="com.MavenTestNG.BaseClass">
        <test-method status="PASS" signature="setup()[pri:0, instance:com.MavenTestNG.BaseClass@262b2c86]" name="setup" duration-ms="6739" started-at="2018-12-29T15:59:21Z" finished-at="2018-12-29T15:59:27Z">
          <reporter-output>
          </reporter-output>
        </test-method> <!-- setup -->
      </class> <!-- com.MavenTestNG.BaseClass -->
    </test> <!-- Default test -->
  </suite> <!-- Default suite -->
</testng-results>
